<?xml version="1.0" encoding="UTF-8"?>
<!-- Generated by org.testng.reporters.JUnitReportReporter -->
<testsuite hostname="DESKTOP-TAKCJM8" failures="0" tests="1" name="com.test.cucumber.Runner" time="18.326" errors="0" timestamp="2023-01-22T13:56:25 EST" skipped="0">
  <testcase classname="com.test.cucumber.Runner" name="runScenario" time="18.326"/>
  <system-out/>
</testsuite> <!-- com.test.cucumber.Runner -->
