<?xml version="1.0" encoding="UTF-8"?>
<!-- Generated by org.testng.reporters.JUnitReportReporter -->
<testsuite hostname="DESKTOP-TAKCJM8" failures="0" tests="1" name="com.test.cucumber.Runner" time="20.227" errors="0" timestamp="2023-01-22T14:00:17 EST" skipped="0">
  <testcase classname="com.test.cucumber.Runner" name="runScenario" time="20.227"/>
  <system-out/>
</testsuite> <!-- com.test.cucumber.Runner -->
